# JRE version: Java(TM) SE Runtime Environment (18.0.2+9) (build 18.0.2+9-61)
# Java VM: Java HotSpot(TM) 64-Bit Server VM (18.0.2+9-61, mixed mode, sharing, tiered, compressed oops, compressed class ptrs, g1 gc, windows-amd64)
GC Precious Log:
 CardTable entry size: 512
 Card Set container configuration: InlinePtr #cards 4 size 8 Array Of Cards #cards 64 size 144 Howl #buckets 8 coarsen threshold 14745 Howl Bitmap #cards 2048 size 272 coarsen threshold 1843 Card regions per heap region 1 cards per card region 16384
 CPUs: 8 total, 8 available
 Memory: 16221M
 Large Page Support: Disabled
 NUMA Support: Disabled
 Compressed Oops: Enabled (Zero based)
 Heap Region Size: 8M
 Heap Min Capacity: 128M
 Heap Initial Capacity: 128M
 Heap Max Capacity: 11360M
 Pre-touch: Disabled
 Parallel Workers: 8
 Concurrent Workers: 2
 Concurrent Refinement Workers: 8
 Periodic GC: Disabled
Heap:
 garbage-first heap   total 4464640K, used 2343936K [0x000000053a000000, 0x0000000800000000)
  region size 8192K, 15 young (122880K), 15 survivors (122880K)
 Metaspace       used 16639K, committed 16896K, reserved 1114112K
  class space    used 1623K, committed 1728K, reserved 1048576K
GC Heap History (20 events):
Event: 71.448 GC heap after
{Heap after GC invocations=48 (full 0):
 garbage-first heap   total 4464640K, used 1896243K [0x000000053a000000, 0x0000000800000000)
  region size 8192K, 10 young (81920K), 10 survivors (81920K)
 Metaspace       used 16631K, committed 16896K, reserved 1114112K
  class space    used 1622K, committed 1728K, reserved 1048576K
}
Event: 74.426 GC heap before
{Heap before GC invocations=49 (full 0):
 garbage-first heap   total 4464640K, used 2953011K [0x000000053a000000, 0x0000000800000000)
  region size 8192K, 139 young (1138688K), 10 survivors (81920K)
 Metaspace       used 16631K, committed 16896K, reserved 1114112K
  class space    used 1622K, committed 1728K, reserved 1048576K
}
Event: 74.548 GC heap after
{Heap after GC invocations=50 (full 0):
 garbage-first heap   total 4464640K, used 1976354K [0x000000053a000000, 0x0000000800000000)
  region size 8192K, 18 young (147456K), 18 survivors (147456K)
 Metaspace       used 16631K, committed 16896K, reserved 1114112K
  class space    used 1622K, committed 1728K, reserved 1048576K
}
Event: 74.666 GC heap before
{Heap before GC invocations=50 (full 0):
 garbage-first heap   total 4464640K, used 2050082K [0x000000053a000000, 0x0000000800000000)
  region size 8192K, 27 young (221184K), 18 survivors (147456K)
 Metaspace       used 16631K, committed 16896K, reserved 1114112K
  class space    used 1622K, committed 1728K, reserved 1048576K
}
Event: 74.818 GC heap after
{Heap after GC invocations=51 (full 0):
 garbage-first heap   total 4464640K, used 1926437K [0x000000053a000000, 0x0000000800000000)
  region size 8192K, 3 young (24576K), 3 survivors (24576K)
 Metaspace       used 16631K, committed 16896K, reserved 1114112K
  class space    used 1622K, committed 1728K, reserved 1048576K
}
Event: 79.168 GC heap before
{Heap before GC invocations=51 (full 0):
 garbage-first heap   total 4464640K, used 3638565K [0x000000053a000000, 0x0000000800000000)
  region size 8192K, 213 young (1744896K), 3 survivors (24576K)
 Metaspace       used 16631K, committed 16896K, reserved 1114112K
  class space    used 1622K, committed 1728K, reserved 1048576K
}
Event: 79.284 GC heap after
{Heap after GC invocations=52 (full 0):
 garbage-first heap   total 4464640K, used 2045618K [0x000000053a000000, 0x0000000800000000)
  region size 8192K, 18 young (147456K), 18 survivors (147456K)
 Metaspace       used 16631K, committed 16896K, reserved 1114112K
  class space    used 1622K, committed 1728K, reserved 1048576K
}
Event: 82.878 GC heap before
{Heap before GC invocations=52 (full 0):
 garbage-first heap   total 4464640K, used 3053234K [0x000000053a000000, 0x0000000800000000)
  region size 8192K, 141 young (1155072K), 18 survivors (147456K)
 Metaspace       used 16631K, committed 16896K, reserved 1114112K
  class space    used 1622K, committed 1728K, reserved 1048576K
}
Event: 82.992 GC heap after
{Heap after GC invocations=53 (full 0):
 garbage-first heap   total 4464640K, used 2072576K [0x000000053a000000, 0x0000000800000000)
  region size 8192K, 4 young (32768K), 4 survivors (32768K)
 Metaspace       used 16631K, committed 16896K, reserved 1114112K
  class space    used 1622K, committed 1728K, reserved 1048576K
}
Event: 87.181 GC heap before
{Heap before GC invocations=53 (full 0):
 garbage-first heap   total 4464640K, used 3694592K [0x000000053a000000, 0x0000000800000000)
  region size 8192K, 203 young (1662976K), 4 survivors (32768K)
 Metaspace       used 16635K, committed 16896K, reserved 1114112K
  class space    used 1622K, committed 1728K, reserved 1048576K
}
Event: 87.278 GC heap after
{Heap after GC invocations=54 (full 0):
 garbage-first heap   total 4464640K, used 2170673K [0x000000053a000000, 0x0000000800000000)
  region size 8192K, 16 young (131072K), 16 survivors (131072K)
 Metaspace       used 16635K, committed 16896K, reserved 1114112K
  class space    used 1622K, committed 1728K, reserved 1048576K
}
Event: 90.861 GC heap before
{Heap before GC invocations=54 (full 0):
 garbage-first heap   total 4464640K, used 3514161K [0x000000053a000000, 0x0000000800000000)
  region size 8192K, 180 young (1474560K), 16 survivors (131072K)
 Metaspace       used 16635K, committed 16896K, reserved 1114112K
  class space    used 1622K, committed 1728K, reserved 1048576K
}
Event: 91.026 GC heap after
{Heap after GC invocations=55 (full 0):
 garbage-first heap   total 4464640K, used 2264146K [0x000000053a000000, 0x0000000800000000)
  region size 8192K, 13 young (106496K), 13 survivors (106496K)
 Metaspace       used 16635K, committed 16896K, reserved 1114112K
  class space    used 1622K, committed 1728K, reserved 1048576K
}
Event: 93.216 GC heap before
{Heap before GC invocations=55 (full 0):
 garbage-first heap   total 4464640K, used 3329106K [0x000000053a000000, 0x0000000800000000)
  region size 8192K, 143 young (1171456K), 13 survivors (106496K)
 Metaspace       used 16638K, committed 16896K, reserved 1114112K
  class space    used 1623K, committed 1728K, reserved 1048576K
}
Event: 93.358 GC heap after
{Heap after GC invocations=56 (full 0):
 garbage-first heap   total 4464640K, used 2355852K [0x000000053a000000, 0x0000000800000000)
  region size 8192K, 13 young (106496K), 13 survivors (106496K)
 Metaspace       used 16638K, committed 16896K, reserved 1114112K
  class space    used 1623K, committed 1728K, reserved 1048576K
}
Event: 95.619 GC heap before
{Heap before GC invocations=57 (full 0):
 garbage-first heap   total 4464640K, used 3715724K [0x000000053a000000, 0x0000000800000000)
  region size 8192K, 179 young (1466368K), 13 survivors (106496K)
 Metaspace       used 16638K, committed 16896K, reserved 1114112K
  class space    used 1623K, committed 1728K, reserved 1048576K
}
Event: 95.758 GC heap after
{Heap after GC invocations=58 (full 0):
 garbage-first heap   total 4464640K, used 2439990K [0x000000053a000000, 0x0000000800000000)
  region size 8192K, 23 young (188416K), 23 survivors (188416K)
 Metaspace       used 16638K, committed 16896K, reserved 1114112K
  class space    used 1623K, committed 1728K, reserved 1048576K
}
Event: 95.801 GC heap before
{Heap before GC invocations=58 (full 0):
 garbage-first heap   total 4464640K, used 2472758K [0x000000053a000000, 0x0000000800000000)
  region size 8192K, 27 young (221184K), 23 survivors (188416K)
 Metaspace       used 16638K, committed 16896K, reserved 1114112K
  class space    used 1623K, committed 1728K, reserved 1048576K
}
Event: 96.066 GC heap after
{Heap after GC invocations=59 (full 0):
 garbage-first heap   total 4464640K, used 2249203K [0x000000053a000000, 0x0000000800000000)
  region size 8192K, 3 young (24576K), 3 survivors (24576K)
 Metaspace       used 16638K, committed 16896K, reserved 1114112K
  class space    used 1623K, committed 1728K, reserved 1048576K
}
Event: 99.291 GC heap before
{Heap before GC invocations=59 (full 0):
 garbage-first heap   total 4464640K, used 3707379K [0x000000053a000000, 0x0000000800000000)
  region size 8192K, 182 young (1490944K), 3 survivors (24576K)
 Metaspace       used 16639K, committed 16896K, reserved 1114112K
  class space    used 1623K, committed 1728K, reserved 1048576K
}

